03:04:29 **** Build of configuration Debug for project test_uart_mpu6050 ****
make all 
make --no-print-directory pre-build
a9-linaro-pre-build-step
' '
make --no-print-directory main-build
'Building file: ../src/main.c'
'Invoking: ARM v7 gcc compiler'
arm-none-eabi-gcc -Wall -O0 -g3 -c -fmessage-length=0 -MT"src/main.o" -mcpu=cortex-a9 -mfpu=vfpv3 -mfloat-abi=hard -IC:/Users/PC-CLICK-PLUS/Desktop/SEMINAIRE/ws9/test9/export/test9/sw/test9/standalone_domain/bspinclude/include -MMD -MP -MF"src/main.d" -MT"src/main.o" -o "src/main.o" "../src/main.c"
../src/main.c: In function 'main':
../src/main.c:14:14: warning: implicit declaration of function 'MPU6050_Initialize'; did you mean 'MPU6050_Init'? [-Wimplicit-function-declaration]
     Status = MPU6050_Initialize(&IicInstance);
              ^~~~~~~~~~~~~~~~~~
              MPU6050_Init
'Finished building: ../src/main.c'
' '
'Building file: ../src/mpu6050.c'
'Invoking: ARM v7 gcc compiler'
arm-none-eabi-gcc -Wall -O0 -g3 -c -fmessage-length=0 -MT"src/mpu6050.o" -mcpu=cortex-a9 -mfpu=vfpv3 -mfloat-abi=hard -IC:/Users/PC-CLICK-PLUS/Desktop/SEMINAIRE/ws9/test9/export/test9/sw/test9/standalone_domain/bspinclude/include -MMD -MP -MF"src/mpu6050.d" -MT"src/mpu6050.o" -o "src/mpu6050.o" "../src/mpu6050.c"
'Finished building: ../src/mpu6050.c'
' '
'Building file: ../src/uart.c'
'Invoking: ARM v7 gcc compiler'
arm-none-eabi-gcc -Wall -O0 -g3 -c -fmessage-length=0 -MT"src/uart.o" -mcpu=cortex-a9 -mfpu=vfpv3 -mfloat-abi=hard -IC:/Users/PC-CLICK-PLUS/Desktop/SEMINAIRE/ws9/test9/export/test9/sw/test9/standalone_domain/bspinclude/include -MMD -MP -MF"src/uart.d" -MT"src/uart.o" -o "src/uart.o" "../src/uart.c"
../src/uart.c: In function 'DecodeReceivedData':
../src/uart.c:35:29: warning: implicit declaration of function 'atoi' [-Wimplicit-function-declaration]
         IBusChannels[i++] = atoi(token);
                             ^~~~
'Finished building: ../src/uart.c'
' '
'Building target: test_uart_mpu6050.elf'
'Invoking: ARM v7 gcc linker'
arm-none-eabi-gcc -mcpu=cortex-a9 -mfpu=vfpv3 -mfloat-abi=hard -Wl,-build-id=none -specs=Xilinx.spec -Wl,-T -Wl,../src/lscript.ld -LC:/Users/PC-CLICK-PLUS/Desktop/SEMINAIRE/ws9/test9/export/test9/sw/test9/standalone_domain/bsplib/lib -o "test_uart_mpu6050.elf"  ./src/main.o ./src/mpu6050.o ./src/uart.o   -Wl,--start-group,-lxil,-lgcc,-lc,--end-group
c:/xilinx/vitis/2019.2/gnu/aarch32/nt/gcc-arm-none-eabi/bin/../lib/gcc/arm-none-eabi/8.2.0/../../../../arm-none-eabi/bin/ld.exe: ./src/main.o: in function `main':
C:\Users\PC-CLICK-PLUS\Desktop\SEMINAIRE\ws9\test_uart_mpu6050\Debug/../src/main.c:14: undefined reference to `MPU6050_Initialize'
collect2.exe: error: ld returned 1 exit status
make[1]: *** [makefile:43: test_uart_mpu6050.elf] Error 1
make: *** [makefile:34: all] Error 2

03:04:34 Build Finished (took 4s.678ms)

